AUTOCREATE
2016-01-29T16:38:48+01:00 : 0|admin|login|index|[]
2016-01-29T16:39:31+01:00 : 0|admin|login|login|{"username":"admin"}
2016-01-29T16:39:31+01:00 : 2|admin|index|index|[]
2016-01-29T16:39:32+01:00 : 2|admin|user|get-current-user|[]
2016-01-29T16:39:32+01:00 : 2|admin|misc|json-translations-admin|{"language":"en"}
2016-01-29T16:39:32+01:00 : 2|admin|misc|json-translations-system|{"language":"en"}
2016-01-29T16:39:32+01:00 : 2|admin|user|get-image|[]
2016-01-29T16:39:32+01:00 : 2|admin|misc|available-languages|[]
2016-01-29T16:39:32+01:00 : 2|admin|misc|admin-css|[]
2016-01-29T16:40:54+01:00 : 2|admin|class|get-tree|[]
2016-01-29T16:40:55+01:00 : 2|admin|document|doc-types|{"xaction":"read"}
2016-01-29T16:40:55+01:00 : 2|admin|document|tree-get-root|{"id":"1"}
2016-01-29T16:40:55+01:00 : 2|admin|settings|get-available-admin-languages|[]
2016-01-29T16:40:55+01:00 : 2|reports|targeting|persona-list|[]
2016-01-29T16:40:55+01:00 : 2|admin|settings|get-available-sites|[]
2016-01-29T16:40:55+01:00 : 2|admin|asset|tree-get-root|{"id":"1"}
2016-01-29T16:40:56+01:00 : 2|admin|portal|dashboard-list|[]
2016-01-29T16:40:56+01:00 : 2|admin|object|tree-get-root|{"id":"1"}
2016-01-29T16:40:56+01:00 : 2|admin|document|tree-get-childs-by-id|{"limit":"50","start":"0","node":"1"}
2016-01-29T16:40:56+01:00 : 2|admin|asset|tree-get-childs-by-id|{"limit":"50","start":"0","node":"1"}
2016-01-29T16:40:56+01:00 : 2|admin|object|tree-get-childs-by-id|{"limit":"30","start":"0","node":"1"}
2016-01-29T16:40:56+01:00 : 2|reports|custom-report|get-report-config|[]
2016-01-29T16:41:53+01:00 : 2|admin|misc|ping|[]
2016-01-29T16:42:53+01:00 : 2|admin|misc|ping|[]
2016-01-29T16:43:53+01:00 : 2|admin|misc|ping|[]
2016-01-29T16:44:53+01:00 : 2|admin|misc|ping|[]
2016-01-29T16:45:53+01:00 : 2|admin|misc|ping|[]
2016-01-29T16:46:53+01:00 : 2|admin|misc|ping|[]
2016-01-29T16:47:53+01:00 : 2|admin|misc|ping|[]
2016-01-29T16:48:53+01:00 : 2|admin|misc|ping|[]
